<?xml version="1.0" encoding="UTF-8"?>
<!-- Generated by org.testng.reporters.JUnitReportReporter -->
<testsuite hostname="DESKTOP-JNF48D3" failures="0" tests="1" name="SeleniumAssignments.Assignment_4" time="16.795" errors="0" timestamp="2025-07-16T23:31:18 IST" skipped="0">
  <testcase classname="SeleniumAssignments.Assignment_4" name="test4" time="16.795"/>
</testsuite> <!-- SeleniumAssignments.Assignment_4 -->
