<?xml version="1.0" encoding="UTF-8"?>
<!-- Generated by org.testng.reporters.JUnitReportReporter -->
<testsuite hostname="DESKTOP-JNF48D3" failures="0" tests="1" name="SeleniumAssignments.Assignment_8" time="2.053" errors="0" timestamp="2025-07-20T00:45:46 IST" skipped="0">
  <testcase classname="SeleniumAssignments.Assignment_8" name="getDeptHeadCount" time="2.053"/>
</testsuite> <!-- SeleniumAssignments.Assignment_8 -->
