<?xml version="1.0" encoding="UTF-8"?>
<!-- Generated by org.testng.reporters.JUnitReportReporter -->
<testsuite hostname="DESKTOP-JNF48D3" failures="0" tests="1" name="SeleniumAssignments.Assignment_5" time="25.339" errors="0" timestamp="2025-07-17T00:18:03 IST" skipped="0">
  <testcase classname="SeleniumAssignments.Assignment_5" name="test5" time="25.339"/>
</testsuite> <!-- SeleniumAssignments.Assignment_5 -->
