<?xml version="1.0" encoding="UTF-8"?>
<!-- Generated by org.testng.reporters.JUnitReportReporter -->
<testsuite hostname="DESKTOP-JNF48D3" failures="0" tests="2" name="SeleniumAssignments.Assignment_9" time="2.975" errors="0" timestamp="2025-07-20T01:39:06 IST" skipped="0">
  <testcase classname="SeleniumAssignments.Assignment_9" name="getManagerCount" time="1.823"/>
  <testcase classname="SeleniumAssignments.Assignment_9" name="getManagerTeamCount" time="1.152"/>
</testsuite> <!-- SeleniumAssignments.Assignment_9 -->
