<?xml version="1.0" encoding="UTF-8"?>
<!-- Generated by org.testng.reporters.JUnitReportReporter -->
<testsuite hostname="DESKTOP-JNF48D3" failures="0" tests="1" name="SeleniumAssignments.Assignment1" time="41.664" errors="0" timestamp="2025-07-16T22:06:44 IST" skipped="0">
  <testcase classname="SeleniumAssignments.Assignment1" name="test1" time="41.664"/>
</testsuite> <!-- SeleniumAssignments.Assignment1 -->
