<?xml version="1.0" encoding="UTF-8"?>
<!-- Generated by org.testng.reporters.JUnitReportReporter -->
<testsuite hostname="DESKTOP-JNF48D3" failures="0" tests="1" name="SeleniumAssignments.Assignment_2" time="33.131" errors="0" timestamp="2025-07-16T22:22:39 IST" skipped="0">
  <testcase classname="SeleniumAssignments.Assignment_2" name="test2" time="33.131"/>
</testsuite> <!-- SeleniumAssignments.Assignment_2 -->
