<?xml version="1.0" encoding="UTF-8"?>
<!-- Generated by org.testng.reporters.JUnitReportReporter -->
<testsuite hostname="DESKTOP-JNF48D3" failures="0" tests="1" name="demotables.TC10" time="13.728" errors="0" timestamp="2025-07-13T11:40:46 IST" skipped="0">
  <testcase classname="demotables.TC10" name="getNoOfEmployeeinEachDept" time="13.728"/>
</testsuite> <!-- demotables.TC10 -->
