<?xml version="1.0" encoding="UTF-8"?>
<!-- Generated by org.testng.reporters.JUnitReportReporter -->
<testsuite hostname="DESKTOP-JNF48D3" failures="0" tests="1" name="SeleniumAssignments.Assignment_3" time="21.150" errors="0" timestamp="2025-07-16T22:51:26 IST" skipped="0">
  <testcase classname="SeleniumAssignments.Assignment_3" name="test3" time="21.150"/>
</testsuite> <!-- SeleniumAssignments.Assignment_3 -->
