<?xml version="1.0" encoding="UTF-8"?>
<!-- Generated by org.testng.reporters.JUnitReportReporter -->
<testsuite hostname="DESKTOP-JNF48D3" failures="0" tests="1" name="demotables.TC4" time="20.243" errors="0" timestamp="2025-07-14T22:26:49 IST" skipped="0">
  <testcase classname="demotables.TC4" name="printAllHeadersFromTable" time="20.243"/>
</testsuite> <!-- demotables.TC4 -->
