<?xml version="1.0" encoding="UTF-8"?>
<!-- Generated by org.testng.reporters.JUnitReportReporter -->
<testsuite hostname="DESKTOP-JNF48D3" failures="0" tests="1" name="demotables.TC5" time="13.167" errors="0" timestamp="2025-07-14T23:03:36 IST" skipped="0">
  <testcase classname="demotables.TC5" name="printDataFrom1stRow" time="13.167"/>
</testsuite> <!-- demotables.TC5 -->
