<?xml version="1.0" encoding="UTF-8"?>
<!-- Generated by org.testng.reporters.JUnitReportReporter -->
<testsuite hostname="DESKTOP-JNF48D3" failures="0" tests="1" name="demotables.TC7" time="13.497" errors="0" timestamp="2025-07-14T23:47:09 IST" skipped="0">
  <testcase classname="demotables.TC7" name="printAllUserNameFromTable" time="13.497"/>
</testsuite> <!-- demotables.TC7 -->
