<?xml version="1.0" encoding="UTF-8"?>
<!-- Generated by org.testng.reporters.JUnitReportReporter -->
<testsuite hostname="DESKTOP-JNF48D3" failures="0" tests="1" name="SeleniumAssignments.Assignment_6" time="22.607" errors="0" timestamp="2025-07-17T01:38:43 IST" skipped="0">
  <testcase classname="SeleniumAssignments.Assignment_6" name="test6_1" time="22.607"/>
</testsuite> <!-- SeleniumAssignments.Assignment_6 -->
