<?xml version="1.0" encoding="UTF-8"?>
<!-- Generated by org.testng.reporters.JUnitReportReporter -->
<testsuite hostname="DESKTOP-JNF48D3" failures="0" tests="1" name="SeleniumAssignments.Assignment_7" time="1.941" errors="0" timestamp="2025-07-19T20:09:53 IST" skipped="0">
  <testcase classname="SeleniumAssignments.Assignment_7" name="getUserNameAndFirstNameMap" time="1.941"/>
</testsuite> <!-- SeleniumAssignments.Assignment_7 -->
