<?xml version="1.0" encoding="UTF-8"?>
<!-- Generated by org.testng.reporters.JUnitReportReporter -->
<testsuite hostname="DESKTOP-JNF48D3" failures="0" tests="1" name="demotables.TC2" time="18.348" errors="0" timestamp="2025-07-13T11:40:46 IST" skipped="0">
  <testcase classname="demotables.TC2" name="howManyRowsInTable" time="18.348"/>
</testsuite> <!-- demotables.TC2 -->
