<?xml version="1.0" encoding="UTF-8"?>
<!-- Generated by org.testng.reporters.JUnitReportReporter -->
<testsuite hostname="DESKTOP-JNF48D3" failures="0" tests="1" name="demotables.TC9" time="13.549" errors="0" timestamp="2025-07-15T00:07:01 IST" skipped="0">
  <testcase classname="demotables.TC9" name="findDuplicateLastNamesFromTable" time="13.549"/>
</testsuite> <!-- demotables.TC9 -->
