<?xml version="1.0" encoding="UTF-8"?>
<!-- Generated by org.testng.reporters.JUnitReportReporter -->
<testsuite hostname="DESKTOP-JNF48D3" failures="0" tests="1" name="demotables.TC1" time="26.033" errors="0" timestamp="2025-07-13T11:40:46 IST" skipped="0">
  <testcase classname="demotables.TC1" name="totalWebPage" time="26.033"/>
</testsuite> <!-- demotables.TC1 -->
