<?xml version="1.0" encoding="UTF-8"?>
<!-- Generated by org.testng.reporters.JUnitReportReporter -->
<testsuite hostname="DESKTOP-JNF48D3" failures="0" tests="1" name="demotables.TC3" time="18.572" errors="0" timestamp="2025-07-14T21:57:40 IST" skipped="0">
  <testcase classname="demotables.TC3" name="columCountInTable" time="18.572"/>
</testsuite> <!-- demotables.TC3 -->
