<?xml version="1.0" encoding="UTF-8"?>
<!-- Generated by org.testng.reporters.JUnitReportReporter -->
<testsuite hostname="DESKTOP-JNF48D3" failures="0" tests="1" name="demotables.TC6" time="18.020" errors="0" timestamp="2025-07-14T23:38:02 IST" skipped="0">
  <testcase classname="demotables.TC6" name="printAllTableData" time="18.020"/>
</testsuite> <!-- demotables.TC6 -->
