<?xml version="1.0" encoding="UTF-8"?>
<!-- Generated by org.testng.reporters.JUnitReportReporter -->
<testsuite hostname="DESKTOP-JNF48D3" failures="0" tests="1" name="demotables.TC8" time="14.407" errors="0" timestamp="2025-07-14T23:54:20 IST" skipped="0">
  <testcase classname="demotables.TC8" name="printAllUniqueLastName" time="14.407"/>
</testsuite> <!-- demotables.TC8 -->
